<?xml version="1.0" encoding="UTF-8"?>
<testsuite xmlns:xsi="http://www.w3.org/2001/XMLSchema-instance" xsi:noNamespaceSchemaLocation="https://maven.apache.org/surefire/maven-surefire-plugin/xsd/surefire-test-report-3.0.xsd" version="3.0" name="com.example.AppTest" time="4.226" tests="1" errors="0" skipped="0" failures="0">
  <properties>
[...]
</properties>
  <testcase name="testHelloEndpoint" classname="com.example.AppTest" time="1.329">
    <system-out><![CDATA[22:20:35.589 [main] INFO org.springframework.test.context.support.AnnotationConfigContextLoaderUtils -- Could not detect default configuration classes for test class [com.example.AppTest]: AppTest does not declare any static, non-private, non-final, nested classes annotated with @Configuration.
22:20:35.705 [main] INFO org.springframework.boot.test.context.SpringBootTestContextBootstrapper -- Found @SpringBootConfiguration com.example.App for test class com.example.AppTest

  .   ____          _            __ _ _
 /\\ / ___'_ __ _ _(_)_ __  __ _ \ \ \ \
( ( )\___ | '_ | '_| | '_ \/ _` | \ \ \ \
 \\/  ___)| |_)| | | | | || (_| |  ) ) ) )
  '  |____| .__|_| |_|_| |_\__, | / / / /
 =========|_|==============|___/=/_/_/_/
 :: Spring Boot ::                (v3.2.1)

2025-02-01T22:20:36.224+01:00  INFO 8368 --- [           main] com.example.AppTest                      : Starting AppTest using Java 17.0.6 with PID 8368 (started by stefa in C:\Users\stefa\IdeaProjects\homework3_sample_app)
2025-02-01T22:20:36.226+01:00  INFO 8368 --- [           main] com.example.AppTest                      : No active profile set, falling back to 1 default profile: "default"
2025-02-01T22:20:37.570+01:00  INFO 8368 --- [           main] o.s.b.w.embedded.tomcat.TomcatWebServer  : Tomcat initialized with port 0 (http)
2025-02-01T22:20:37.592+01:00  INFO 8368 --- [           main] o.apache.catalina.core.StandardService   : Starting service [Tomcat]
2025-02-01T22:20:37.592+01:00  INFO 8368 --- [           main] o.apache.catalina.core.StandardEngine    : Starting Servlet engine: [Apache Tomcat/10.1.17]
2025-02-01T22:20:37.675+01:00  INFO 8368 --- [           main] o.a.c.c.C.[Tomcat].[localhost].[/]       : Initializing Spring embedded WebApplicationContext
2025-02-01T22:20:37.676+01:00  INFO 8368 --- [           main] w.s.c.ServletWebServerApplicationContext : Root WebApplicationContext: initialization completed in 1420 ms
2025-02-01T22:20:38.280+01:00  INFO 8368 --- [           main] o.s.b.w.embedded.tomcat.TomcatWebServer  : Tomcat started on port 64503 (http) with context path ''
2025-02-01T22:20:38.291+01:00  INFO 8368 --- [           main] com.example.AppTest                      : Started AppTest in 2.404 seconds (process running for 3.483)
2025-02-01T22:20:39.483+01:00  INFO 8368 --- [o-auto-1-exec-1] o.a.c.c.C.[Tomcat].[localhost].[/]       : Initializing Spring DispatcherServlet 'dispatcherServlet'
2025-02-01T22:20:39.483+01:00  INFO 8368 --- [o-auto-1-exec-1] o.s.web.servlet.DispatcherServlet        : Initializing Servlet 'dispatcherServlet'
2025-02-01T22:20:39.484+01:00  INFO 8368 --- [o-auto-1-exec-1] o.s.web.servlet.DispatcherServlet        : Completed initialization in 1 ms
]]></system-out>
  </testcase>
</testsuite>